<?xml version="1.0" encoding="UTF-8" ?>
<testsuite errors="0" failures="0" hostname="chanisara" name="RationalTest" skipped="0" tests="9" time="0.023" timestamp="2023-09-12T11:00:34">
  <properties>
[...]
</properties>
  <testcase classname="RationalTest" name="testCompareToEqual" time="0.004" />
  <testcase classname="RationalTest" name="testAdd" time="0.0" />
  <testcase classname="RationalTest" name="testToString" time="0.0" />
  <testcase classname="RationalTest" name="testValidSubtraction" time="0.0" />
  <testcase classname="RationalTest" name="testCompareToLessThan" time="0.0" />
  <testcase classname="RationalTest" name="testCompareToGreaterThan" time="0.0" />
  <testcase classname="RationalTest" name="testEquals" time="0.0" />
  <testcase classname="RationalTest" name="testValidDivision" time="0.0" />
  <testcase classname="RationalTest" name="testValidMultiplication" time="0.0" />
  <system-out><![CDATA[]]></system-out>
  <system-err><![CDATA[]]></system-err>
</testsuite>
