<?xml version="1.0" encoding="UTF-8"?>
<testsuite xmlns:xsi="http://www.w3.org/2001/XMLSchema-instance" xsi:noNamespaceSchemaLocation="https://maven.apache.org/surefire/maven-surefire-plugin/xsd/surefire-test-report-3.0.xsd" version="3.0" name="RationalTest" time="0.043" tests="9" errors="0" skipped="0" failures="0">
  <properties>
[...]
</properties>
  <testcase name="testCompareToEqual" classname="RationalTest" time="0.004"/>
  <testcase name="testAdd" classname="RationalTest" time="0"/>
  <testcase name="testToString" classname="RationalTest" time="0"/>
  <testcase name="testValidSubtraction" classname="RationalTest" time="0"/>
  <testcase name="testCompareToLessThan" classname="RationalTest" time="0"/>
  <testcase name="testCompareToGreaterThan" classname="RationalTest" time="0"/>
  <testcase name="testEquals" classname="RationalTest" time="0"/>
  <testcase name="testValidDivision" classname="RationalTest" time="0.001"/>
  <testcase name="testValidMultiplication" classname="RationalTest" time="0"/>
</testsuite>